<?xml version="1.0" encoding="UTF-8"?>
<testng-results skipped="0" failed="0" ignored="0" total="1" passed="1">
  <reporter-output>
  </reporter-output>
  <suite name="Default suite" duration-ms="16239" started-at="2018-01-01T12:56:07Z" finished-at="2018-01-01T12:56:24Z">
    <groups>
    </groups>
    <test name="Default test" duration-ms="16239" started-at="2018-01-01T12:56:07Z" finished-at="2018-01-01T12:56:24Z">
      <class name="code.Demo">
        <test-method status="PASS" signature="TestFirefox()[pri:0, instance:code.Demo@724af044]" name="TestFirefox" duration-ms="16180" started-at="2018-01-01T18:26:07Z" finished-at="2018-01-01T18:26:24Z">
          <reporter-output>
          </reporter-output>
        </test-method> <!-- TestFirefox -->
      </class> <!-- code.Demo -->
    </test> <!-- Default test -->
  </suite> <!-- Default suite -->
</testng-results>
